T2BEC 1963:930 SEGGER J-Link V6.48a Log File (0000ms, 0231ms total)
T2BEC 1963:930 DLL Compiled: Jul 30 2019 15:16:09 (0000ms, 0231ms total)
T2BEC 1963:930 Logging started @ 2021-02-05 08:02 (0000ms, 0231ms total)
T2BEC 1963:930 JLINK_ExecCommand("device = ATSAMD21J18A", ...). Device "ATSAMD21J18" selected.  returns 0x00 (0001ms, 0232ms total)
T2BEC 1963:931 JLINK_GetHWStatus(...)  returns 0x00 (0000ms, 0232ms total)
T2BEC 1963:931 JLINK_ClrRESET() (0002ms, 0234ms total)
T2BEC 1963:938 JLINK_SetRESET() (0000ms, 0234ms total)
T2BEC 1963:943 JLINK_ClrRESET() (0001ms, 0235ms total)
T2BEC 1963:949 JLINK_ClrTCK()  returns 0x00 (0000ms, 0235ms total)
T2BEC 1963:954 JLINK_SetRESET() (0000ms, 0235ms total)
T2BEC 1963:959 JLINK_Clock()  returns 0x00 (0000ms, 0235ms total)
T2BEC 1963:964 JLINK_TIF_Select(JLINKARM_TIF_SWD)  returns 0x00 (0003ms, 0238ms total)
T2BEC 1963:967 JLINK_SetSpeed(50) (0001ms, 0239ms total)
T2BEC 1963:968 JLINK_CORESIGHT_Configure()  returns 0 (0009ms, 0248ms total)
T2BEC 1963:977 JLINK_CORESIGHT_WriteAPDPReg(DP reg 0x02, 0x00000000)  returns 0 (0001ms, 0249ms total)
T2BEC 1963:979 JLINK_CORESIGHT_WriteAPDPReg(AP reg 0x00, 0x23000040)  returns 0 (0001ms, 0251ms total)
T2BEC 1963:980 JLINK_CORESIGHT_WriteAPDPReg(AP reg 0x01, 0x41002101)  returns 0 (0001ms, 0252ms total)
T2BEC 1963:981 JLINK_CORESIGHT_ReadAPDPReg(AP reg 0x03) -- Value=0x00120200  returns 0 (0003ms, 0255ms total)
T2BEC 1963:984 JLINK_CORESIGHT_WriteAPDPReg(AP reg 0x01, 0x41002100)  returns 0 (0001ms, 0256ms total)
T2BEC 1963:985 JLINK_CORESIGHT_WriteAPDPReg(AP reg 0x03, 0x00000010)  returns 0 (0001ms, 0257ms total)
T2BEC 1963:986 JLINK_CORESIGHT_WriteAPDPReg(AP reg 0x01, 0x41002101)  returns 0 (0002ms, 0259ms total)
T2BEC 1963:988 JLINK_CORESIGHT_ReadAPDPReg(AP reg 0x03) -- Value=0x01120200  returns 0 (0002ms, 0261ms total)
T2BEC 1964:190 JLINK_CORESIGHT_ReadAPDPReg(AP reg 0x03) -- Value=0x00120300  returns 0 (0002ms, 0263ms total)
T2BEC 1964:199 JLINK_ExecCommand("Device = ATSAMD21J18A", ...). Device "ATSAMD21J18" selected.  returns 0x00 (0001ms, 0264ms total)
T2BEC 1964:200 JLINK_TIF_Select(JLINKARM_TIF_SWD)  returns 0x00 (0000ms, 0264ms total)
T2BEC 1964:200 JLINK_SetSpeed(4000) (0000ms, 0264ms total)
T2BEC 1964:200 JLINK_ResetPullsRESET(OFF) (0000ms, 0264ms total)
T2BEC 1964:200 JLINK_Connect()InitTarget() >0x10B TIF>Found SW-DP with ID 0x0BC11477 >0x0D TIF> >0x28 TIF> >0x0D TIF> >0x28 TIF> >0x0D TIF> >0x28 TIF> >0x0D TIF> >0x28 TIF> >0x0D TIF> >0x21 TIF> >0x0D TIF> >0x28 TIF>Scanning AP map to find all available APs >0x0D TIF> >0x28 TIF> >0x0D TIF> >0x21 TIF> >0x0D TIF> >0x21 TIF> >0x0D TIF> >0x28 TIF> >0x0D TIF> >0x21 TIF> >0x0D TIF> >0x21 TIF>AP[1]: Stopped AP scan as end of AP map has been reachedAP[0]: AHB-AP (IDR: 0x04770031)
Iterating through AP map to find AHB-AP to use >0x42 TIF> >0x28 TIF> >0x0D TIF> >0x28 TIF> >0x0D TIF> >0x21 TIF> >0x0D TIF> >0x21 TIF> >0x42 TIF> >0x28 TIF> >0x0D TIF> >0x28 TIF> >0x0D TIF> >0x28 TIF> >0x0D TIF> >0x21 TIF> >0x0D TIF> >0x21 TIF>AP[0]: Core foundAP[0]: AHB-AP ROM base: 0x41003000 >0x0D TIF> >0x28 TIF> >0x0D TIF> >0x28 TIF> >0x0D TIF> >0x28 TIF> >0x0D TIF> >0x21 TIF> >0x0D TIF> >0x21 TIF>CPUID register: 0x410CC601. Implementer code: 0x41 (ARM)Found Cortex-M0 r0p1, Little endian.
 -- Max. mem block: 0x0000DD28 -- CPU_ReadMem(4 bytes @ 0xE000EDF0) -- CPU_ReadMem(4 bytes @ 0xE0002000)FPUnit: 4 code (BP) slots and 0 literal slots -- CPU_ReadMem(4 bytes @ 0xE000EDFC) -- CPU_ReadMem(4 bytes @ 0xE0001000) -- CPU_WriteMem(4 bytes @ 0xE0001000)CoreSight components:ROMTbl[0] @ 41003000 -- CPU_ReadMem(16 bytes @ 0x41003000) -- CPU_ReadMem(16 bytes @ 0xE00FFFF0) -- CPU_ReadMem(16 bytes @ 0xE00FFFE0)ROMTbl[0][0]: E00FF000, CID: B105100D, PID: 000BB4C0 ROM TableROMTbl[1] @ E00FF000
 -- CPU_ReadMem(16 bytes @ 0xE00FF000) -- CPU_ReadMem(16 bytes @ 0xE000EFF0) -- CPU_ReadMem(16 bytes @ 0xE000EFE0)ROMTbl[1][0]: E000E000, CID: B105E00D, PID: 000BB008 SCS -- CPU_ReadMem(16 bytes @ 0xE0001FF0) -- CPU_ReadMem(16 bytes @ 0xE0001FE0)ROMTbl[1][1]: E0001000, CID: B105E00D, PID: 000BB00A DWT -- CPU_ReadMem(16 bytes @ 0xE0002FF0) -- CPU_ReadMem(16 bytes @ 0xE0002FE0)ROMTbl[1][2]: E0002000, CID: B105E00D, PID: 000BB00B FPB -- CPU_ReadMem(16 bytes @ 0x41006FF0)
 -- CPU_ReadMem(16 bytes @ 0x41006FE0)ROMTbl[0][1]: 41006000, CID: B105900D, PID: 001BB932 MTB-M0+  returns 0x00 (0186ms, 0450ms total)
T2BEC 1964:386 JLINK_Halt()  returns 0x00 (0003ms, 0453ms total)
T2BEC 1964:391 JLINK_JTAG_GetDeviceID(DeviceIndex = 0)  returns 0x00 (0000ms, 0453ms total)
T2BEC 1964:391 JLINK_ReadMemU32(0x41002018, 0x0001 Items, ...) -- CPU_ReadMem(4 bytes @ 0x41002018) - Data: 05 03 01 10  returns 1 (0000ms, 0453ms total)
T4964 1964:400 JLINK_IsHalted()  returns TRUE (0000ms, 0453ms total)
T4964 1964:400 JLINK_GetMOEs(...) -- CPU_ReadMem(4 bytes @ 0xE000ED30)  returns 0x01 (0000ms, 0453ms total)
T4964 1964:400 JLINK_ReadReg(R15 (PC))  returns 0xFFFFFFFE (0000ms, 0453ms total)
T2BEC 1964:401 JLINK_ResetPullsRESET(ON) (0000ms, 0453ms total)
T2BEC 1964:401 JLINK_ResetNoHalt()InitTarget() >0x10B TIF>Found SW-DP with ID 0x0BC11477 >0x0D TIF> >0x28 TIF> >0x0D TIF> >0x28 TIF> >0x0D TIF> >0x28 TIF> >0x0D TIF> >0x28 TIF> >0x0D TIF> >0x21 TIF> >0x0D TIF> >0x28 TIF>AP map detection skipped. Manually configured AP map found.AP[0]: AHB-AP (IDR: Not set) >0x42 TIF> >0x28 TIF> >0x0D TIF> >0x28 TIF> >0x0D TIF> >0x21 TIF> >0x0D TIF> >0x21 TIF> >0x42 TIF> >0x28 TIF> >0x0D TIF> >0x28 TIF> >0x0D TIF> >0x28 TIF> >0x0D TIF> >0x21 TIF> >0x0D TIF> >0x21 TIF>
AP[0]: Core foundAP[0]: AHB-AP ROM base: 0x41003000 >0x0D TIF> >0x28 TIF> >0x0D TIF> >0x28 TIF> >0x0D TIF> >0x28 TIF> >0x0D TIF> >0x21 TIF> >0x0D TIF> >0x21 TIF>CPUID register: 0x410CC601. Implementer code: 0x41 (ARM)Found Cortex-M0 r0p1, Little endian. -- Max. mem block: 0x0000D8E8 -- CPU_ReadMem(4 bytes @ 0xE000EDF0) -- CPU_ReadMem(4 bytes @ 0xE0002000)FPUnit: 4 code (BP) slots and 0 literal slots -- CPU_ReadMem(4 bytes @ 0xE000EDFC) -- CPU_ReadMem(4 bytes @ 0xE0001000)CoreSight components:
ROMTbl[0] @ 41003000 -- CPU_ReadMem(16 bytes @ 0x41003000) -- CPU_ReadMem(16 bytes @ 0xE00FFFF0) -- CPU_ReadMem(16 bytes @ 0xE00FFFE0)ROMTbl[0][0]: E00FF000, CID: B105100D, PID: 000BB4C0 ROM TableROMTbl[1] @ E00FF000 -- CPU_ReadMem(16 bytes @ 0xE00FF000) -- CPU_ReadMem(16 bytes @ 0xE000EFF0) -- CPU_ReadMem(16 bytes @ 0xE000EFE0)ROMTbl[1][0]: E000E000, CID: B105E00D, PID: 000BB008 SCS -- CPU_WriteMem(4 bytes @ 0xE0001000) -- CPU_ReadMem(16 bytes @ 0xE0001FF0) -- CPU_ReadMem(16 bytes @ 0xE0001FE0)
ROMTbl[1][1]: E0001000, CID: B105E00D, PID: 000BB00A DWT -- CPU_ReadMem(16 bytes @ 0xE0002FF0) -- CPU_ReadMem(16 bytes @ 0xE0002FE0)ROMTbl[1][2]: E0002000, CID: B105E00D, PID: 000BB00B FPB -- CPU_ReadMem(16 bytes @ 0x41006FF0) -- CPU_ReadMem(16 bytes @ 0x41006FE0)ROMTbl[0][1]: 41006000, CID: B105900D, PID: 001BB932 MTB-M0+
                JLINK_Reset() -- CPU_ReadMem(4 bytes @ 0xE000EDFC) -- CPU_WriteMem(4 bytes @ 0xE000EDFC) -- CPU_WriteMem(4 bytes @ 0xE000ED0C) -- CPU_ReadMem(4 bytes @ 0xE000EDF0) -- CPU_ReadMem(4 bytes @ 0x41002100) -- CPU_WriteMem(4 bytes @ 0x41002100) -- CPU_ReadMem(4 bytes @ 0x41002100) -- CPU_WriteMem(4 bytes @ 0xE000EDFC) -- CPU_WriteMem(4 bytes @ 0xE0002000) -- CPU_ReadMem(4 bytes @ 0xE000EDFC) -- CPU_ReadMem(4 bytes @ 0xE0001000) -- CPU_WriteMem(4 bytes @ 0xE0001000) (0015ms, 0015ms total)
                JLINK_Go() -- CPU_ReadMem(4 bytes @ 0xE0001000) -- CPU_WriteMem(4 bytes @ 0xE0001000) -- CPU_WriteMem(4 bytes @ 0xE0001004) (0004ms, 0019ms total)
               (0183ms, 0636ms total)
T2BEC 1964:590 JLINK_Close() >0x0D TIF> >0x28 TIF> >0x0D TIF> >0x28 TIF> >0x0D TIF> >0x28 TIF> >0x0D TIF> >0x28 TIF> >0x0D TIF> >0x28 TIF> >0x0D TIF> >0x28 TIF> >0x0D TIF> >0x28 TIF> >0x0D TIF> >0x28 TIF> >0x0D TIF> >0x21 TIF> >0x0D TIF> >0x28 TIF> (0024ms, 0660ms total)
T2BEC 1964:590  (0024ms, 0660ms total)
T2BEC 1964:590 Closed (0024ms, 0660ms total)
